#
# There is insufficient memory for the Java Runtime Environment to continue.
# Native memory allocation (malloc) failed to allocate 32744 bytes for ChunkPool::allocate
# Possible reasons:
#   The system is out of physical RAM or swap space
#   In 32 bit mode, the process size limit was hit
# Possible solutions:
#   Reduce memory load on the system
#   Increase physical memory or swap space
#   Check if swap backing store is full
#   Use 64 bit Java on a 64 bit OS
#   Decrease Java heap size (-Xmx/-Xms)
#   Decrease number of Java threads
#   Decrease Java thread stack sizes (-Xss)
#   Set larger code cache with -XX:ReservedCodeCacheSize=
# This output file may be truncated or incomplete.
#
#  Out of Memory Error (allocation.cpp:273), pid=8120, tid=6968
#
# JRE version: Java(TM) SE Runtime Environment (8.0_77-b03) (build 1.8.0_77-b03)
# Java VM: Java HotSpot(TM) 64-Bit Server VM (25.77-b03 mixed mode windows-amd64 compressed oops)
# Failed to write core dump. Minidumps are not enabled by default on client versions of Windows
#

---------------  T H R E A D  ---------------

Current thread (0x000000005616c000):  JavaThread "C1 CompilerThread2" daemon [_thread_in_vm, id=6968, stack(0x0000000056ad0000,0x0000000056bd0000)]

Stack: [0x0000000056ad0000,0x0000000056bd0000]
[error occurred during error reporting (printing stack bounds), id 0xc0000005]

Native frames: (J=compiled Java code, j=interpreted, Vv=VM code, C=native code)


---------------  P R O C E S S  ---------------

Java Threads: ( => current thread )
=>0x000000005616c000 JavaThread "C1 CompilerThread2" daemon [_thread_in_vm, id=6968, stack(0x0000000056ad0000,0x0000000056bd0000)]
  0x000000005616b800 JavaThread "C2 CompilerThread1" daemon [_thread_blocked, id=5088, stack(0x0000000056920000,0x0000000056a20000)]
  0x0000000056166000 JavaThread "C2 CompilerThread0" daemon [_thread_in_vm, id=5488, stack(0x00000000120c0000,0x00000000121c0000)]
  0x0000000056163000 JavaThread "Attach Listener" daemon [_thread_blocked, id=6356, stack(0x00000000567f0000,0x00000000568f0000)]
  0x0000000054d8d000 JavaThread "Signal Dispatcher" daemon [_thread_blocked, id=1428, stack(0x0000000056640000,0x0000000056740000)]
  0x0000000054d79000 JavaThread "Finalizer" daemon [_thread_blocked, id=7872, stack(0x0000000055d30000,0x0000000055e30000)]
  0x0000000054d37800 JavaThread "Reference Handler" daemon [_thread_blocked, id=4616, stack(0x0000000056050000,0x0000000056150000)]
  0x000000000229e800 JavaThread "main" [_thread_in_vm, id=6072, stack(0x0000000002500000,0x0000000002600000)]

Other Threads:
  0x0000000054d2c000 VMThread [stack: 0x0000000055e30000,0x0000000055f30000] [id=484]

VM state:not at safepoint (normal execution)

VM Mutex/Monitor currently owned by a thread: None

Heap:
 PSYoungGen      total 18432K, used 952K [0x00000000eb600000, 0x00000000eca80000, 0x0000000100000000)
  eden space 15872K, 6% used [0x00000000eb600000,0x00000000eb6ee328,0x00000000ec580000)
  from space 2560K, 0% used [0x00000000ec800000,0x00000000ec800000,0x00000000eca80000)
  to   space 2560K, 0% used [0x00000000ec580000,0x00000000ec580000,0x00000000ec800000)
 ParOldGen       total 42496K, used 0K [0x00000000c2200000, 0x00000000c4b80000, 0x00000000eb600000)
  object space 42496K, 0% used [0x00000000c2200000,0x00000000c2200000,0x00000000c4b80000)
 Metaspace       used 2165K, capacity 4480K, committed 4480K, reserved 1056768K
  class space    used 241K, capacity 384K, committed 384K, reserved 1048576K

Card table byte_map: [0x00000000119c0000,0x0000000011bb0000] byte_map_base: 0x00000000113af000

Marking Bits: (ParMarkBitMap*) 0x0000000061df0600
 Begin Bits: [0x00000000122c0000, 0x0000000013238000)
 End Bits:   [0x0000000013238000, 0x00000000141b0000)

Polling page: 0x0000000000100000

CodeCache: size=245760Kb used=1008Kb max_used=1019Kb free=244751Kb
 bounds [0x0000000002600000, 0x0000000002870000, 0x0000000011600000]
 total_blobs=185 nmethods=0 adapters=131
 compilation: enabled

Compilation events (0 events):
No events

GC Heap History (0 events):
No events

Deoptimization events (0 events):
No events

Internal exceptions (2 events):
Event: 0.083 Thread 0x000000000229e800 Exception <a 'java/lang/NoSuchMethodError': Method sun.misc.Unsafe.defineClass(Ljava/lang/String;[BII)Ljava/lang/Class; name or signature does not match> (0x00000000eb607cc0) thrown at [D:\re\workspace\8-2-build-windows-amd64-cygwin\jdk8u77\6540\hotspot\srFBÈ+DGµ?
Event: 0.083 Thread 0x000000000229e800 Exception <a 'java/lang/NoSuchMethodError': Method sun.misc.Unsafe.prefetchRead(Ljava/lang/Object;J)V name or signature does not match> (0x00000000eb607fa8) thrown at [D:\re\workspace\8-2-build-windows-amd64-cygwin\jdk8u77\6540\hotspot\src\share\vm\prims\j

Events (10 events):
Event: 0.254 loading class sun/misc/Launcher$AppClassLoader$1
Event: 0.255 loading class sun/misc/Launcher$AppClassLoader$1 done
Event: 0.265 loading class java/lang/SystemClassLoaderAction
Event: 0.265 loading class java/lang/SystemClassLoaderAction done
Event: 0.265 Thread 0x0000000054d8d000 Thread added: 0x0000000054d8d000
Event: 0.265 Thread 0x0000000056163000 Thread added: 0x0000000056163000
Event: 0.266 Thread 0x0000000056166000 Thread added: 0x0000000056166000
Event: 0.266 Thread 0x000000005616b800 Thread added: 0x000000005616b800
Event: 0.266 Thread 0x000000005616c000 Thread added: 0x000000005616c000
Event: 0.267 loading class java/lang/invoke/MethodHandleImpl


Dynamic libraries:
0x000000013f160000 - 0x000000013f197000 	D:\Java\jre1.8.0_77\bin\javaw.exe
0x00000000779a0000 - 0x0000000077b49000 	C:\Windows\SYSTEM32\ntdll.dll
0x0000000077880000 - 0x000000007799f000 	C:\Windows\system32\kernel32.dll
0x000007fefd9e0000 - 0x000007fefda4b000 	C:\Windows\system32\KERNELBASE.dll
0x000007fefe440000 - 0x000007fefe51b000 	C:\Windows\system32\ADVAPI32.dll
0x000007feffc10000 - 0x000007feffcaf000 	C:\Windows\system32\msvcrt.dll
0x000007fefe020000 - 0x000007fefe03f000 	C:\Windows\SYSTEM32\sechost.dll
0x000007fefe6d0000 - 0x000007fefe7fd000 	C:\Windows\system32\RPCRT4.dll
0x0000000077780000 - 0x000000007787a000 	C:\Windows\system32\USER32.dll
0x000007feffba0000 - 0x000007feffc07000 	C:\Windows\system32\GDI32.dll
0x000007fefe430000 - 0x000007fefe43e000 	C:\Windows\system32\LPK.dll
0x000007fefe980000 - 0x000007fefea49000 	C:\Windows\system32\USP10.dll
0x000007fefc370000 - 0x000007fefc564000 	C:\Windows\WinSxS\amd64_microsoft.windows.common-controls_6595b64144ccf1df_6.0.7601.17514_none_fa396087175ac9ac\COMCTL32.dll
0x000007fefe580000 - 0x000007fefe5f1000 	C:\Windows\system32\SHLWAPI.dll
0x000007feff990000 - 0x000007feff9be000 	C:\Windows\system32\IMM32.DLL
0x000007fefea50000 - 0x000007fefeb59000 	C:\Windows\system32\MSCTF.dll
0x000000006a360000 - 0x000000006a432000 	D:\Java\jre1.8.0_77\bin\msvcr100.dll
0x00000000615e0000 - 0x0000000061e70000 	D:\Java\jre1.8.0_77\bin\server\jvm.dll
0x000007fefb810000 - 0x000007fefb819000 	C:\Windows\system32\WSOCK32.dll
0x000007fefe600000 - 0x000007fefe64d000 	C:\Windows\system32\WS2_32.dll
0x000007fefe380000 - 0x000007fefe388000 	C:\Windows\system32\NSI.dll
0x000007fefba50000 - 0x000007fefba8b000 	C:\Windows\system32\WINMM.dll
0x000007fefca00000 - 0x000007fefca0c000 	C:\Windows\system32\VERSION.dll
0x0000000077b70000 - 0x0000000077b77000 	C:\Windows\system32\PSAPI.DLL
0x0000000073ed0000 - 0x0000000073edf000 	D:\Java\jre1.8.0_77\bin\verify.dll
0x000000006edc0000 - 0x000000006ede9000 	D:\Java\jre1.8.0_77\bin\java.dll
0x0000000071f60000 - 0x0000000071f76000 	D:\Java\jre1.8.0_77\bin\zip.dll
0x000007fefeb60000 - 0x000007feff8e8000 	C:\Windows\system32\SHELL32.dll
0x000007fefde10000 - 0x000007fefe013000 	C:\Windows\system32\ole32.dll
0x000007fefd8f0000 - 0x000007fefd8ff000 	C:\Windows\system32\profapi.dll

VM Arguments:
jvm_args: -Dfile.encoding=UTF-8 
java_command: com.lzm.weixin.test.WeiXinTest
java_class_path (initial): D:\tts9\workspace\weixin\build\classes;D:\tts9\apache-tomcat-6.0.45\lib\annotations-api.jar;D:\tts9\apache-tomcat-6.0.45\lib\catalina-ant.jar;D:\tts9\apache-tomcat-6.0.45\lib\catalina-ha.jar;D:\tts9\apache-tomcat-6.0.45\lib\catalina-tribes.jar;D:\tts9\apache-tomcat-6.0.45\lib\catalina.jar;D:\tts9\apache-tomcat-6.0.45\lib\ecj-4.3.1.jar;D:\tts9\apache-tomcat-6.0.45\lib\el-api.jar;D:\tts9\apache-tomcat-6.0.45\lib\jasper-el.jar;D:\tts9\apache-tomcat-6.0.45\lib\jasper.jar;D:\tts9\apache-tomcat-6.0.45\lib\jsp-api.jar;D:\tts9\apache-tomcat-6.0.45\lib\servlet-api.jar;D:\tts9\apache-tomcat-6.0.45\lib\tomcat-coyote.jar;D:\tts9\apache-tomcat-6.0.45\lib\tomcat-dbcp.jar;D:\tts9\apache-tomcat-6.0.45\lib\tomcat-i18n-es.jar;D:\tts9\apache-tomcat-6.0.45\lib\tomcat-i18n-fr.jar;D:\tts9\apache-tomcat-6.0.45\lib\tomcat-i18n-ja.jar;D:\tts9\workspace\weixin\WebContent\WEB-INF\lib\commons-beanutils-1.7.0.jar;D:\tts9\workspace\weixin\WebContent\WEB-INF\lib\commons-collections-3.2.1.jar;D:\tts9\workspace\weixin\WebContent\WEB-INF\lib\commons-lang-2.5.jar;D:\tts9\workspace\weixin\WebContent\WEB-INF\lib\commons-logging-1.0.4.jar;D:\tts9\workspace\weixin\WebContent\WEB-INF\lib\dom4j-1.6.1.jar;D:\tts9\workspace\weixin\WebContent\WEB-INF\lib\ezmorph-1.0.6.jar;D:\tts9\workspace\weixin\WebContent\WEB-INF\lib\httpclient-4.2.5.jar;D:\tts9\workspace\weixin\WebContent\WEB-INF\lib\httpcore-4.2.4.jar;D:\tts9\workspace\weixin\WebContent\WEB-INF\lib\json-lib-2.4-jdk15.jar;D:\tts9\workspace\weixin\WebContent\WEB-INF\lib\xstream-1.3.1.jar;D:\tts9\workspace\weixin\WebContent\WEB-INF\classes
Launcher Type: SUN_STANDARD

Environment Variables:
JAVA_HOME=D:\tts9\jdk1.8.0_45
CLASSPATH=.
PATH=D:/tts9/jdk1.8.0_45/bin/../jre/bin/client;D:/tts9/jdk1.8.0_45/bin/../jre/bin;D:/tts9/jdk1.8.0_45/bin/../jre/lib/i386;D:\tts9\jdk1.8.0_45\bin;C:\ProgramData\Oracle\Java\javapath;%JAVA_HOME\bin;C:\Windows\system32;C:\Windows;C:\Windows\System32\Wbem;C:\Windows\System32\WindowsPowerShell\v1.0\;C:\Program Files (x86)\ATI Technologies\ATI.ACE\Core-Static;D:\Program Files (x86)\UltraEdit;d:\Git\cmd;C:\Program Files (x86)\MySQL\MySQL Fabric 1.5 ;D:\tts9;
USERNAME=lzm
OS=Windows_NT
PROCESSOR_IDENTIFIER=Intel64 Family 6 Model 37 Stepping 5, GenuineIntel



---------------  S Y S T E M  ---------------

OS: Windows 7 , 64 bit Build 7601 (6.1.7601.17514)

CPU:total 4 (2 cores per cpu, 2 threads per core) family 6 model 37 stepping 5, cmov, cx8, fxsr, mmx, sse, sse2, sse3, ssse3, sse4.1, sse4.2, popcnt, ht, tsc, tscinvbit

Memory: 4k page, physical 4051508k(975088k free), swap 4049664k(5088k free)

vm_info: Java HotSpot(TM) 64-Bit Server VM (25.77-b03) for windows-amd64 JRE (1.8.0_77-b03), built on Mar 20 2016 22:01:33 by "java_re" with MS VC++ 10.0 (VS2010)

time: Sat Aug 13 01:11:33 2016
elapsed time: 0 seconds (0d 0h 0m 0s)

